Traceback (most recent call last):
  File "C:\Users\DELL\OneDrive\Documents\Rafay\Projects\project\app_server.py", line 140, in <module>
    print("\u2713 Server listening on http://0.0.0.0:8000")
  File "C:\Users\DELL\AppData\Local\Programs\Python\Python311\Lib\encodings\cp1252.py", line 19, in encode
    return codecs.charmap_encode(input,self.errors,encoding_table)[0]
           ^^^^^^^^^^^^^^^^^^^^^^^^^^^^^^^^^^^^^^^^^^^^^^^^^^^^^^^
UnicodeEncodeError: 'charmap' codec can't encode character '\u2713' in position 0: character maps to <undefined>

During handling of the above exception, another exception occurred:

Traceback (most recent call last):
  File "C:\Users\DELL\OneDrive\Documents\Rafay\Projects\project\app_server.py", line 157, in <module>
    print(f"\n\u2717 Server error: {e}")
  File "C:\Users\DELL\AppData\Local\Programs\Python\Python311\Lib\encodings\cp1252.py", line 19, in encode
    return codecs.charmap_encode(input,self.errors,encoding_table)[0]
           ^^^^^^^^^^^^^^^^^^^^^^^^^^^^^^^^^^^^^^^^^^^^^^^^^^^^^^^
UnicodeEncodeError: 'charmap' codec can't encode character '\u2717' in position 2: character maps to <undefined>
